2022-05-11 00:10:43,709 ERROR org.springframework.boot.diagnostics.LoggingFailureAnalysisReporter [main] 

***************************
APPLICATION FAILED TO START
***************************

Description:

Failed to bind properties under 'logging.level.com.mithra' to org.springframework.boot.logging.LogLevel:

    Property: logging.level.com.mithra
    Value: =INFO,ERROR
    Origin: class path resource [application.properties] - 4:26
    Reason: failed to convert java.lang.String to org.springframework.boot.logging.LogLevel (caused by java.lang.IllegalArgumentException: No enum constant org.springframework.boot.logging.LogLevel.=INFO,ERROR)

Action:

Update your application's configuration. The following values are valid:

    DEBUG
    ERROR
    FATAL
    INFO
    OFF
    TRACE
    WARN

2022-05-11 00:10:58,285 ERROR org.springframework.boot.diagnostics.LoggingFailureAnalysisReporter [main] 

***************************
APPLICATION FAILED TO START
***************************

Description:

Failed to bind properties under 'logging.level.com.mithra' to org.springframework.boot.logging.LogLevel:

    Property: logging.level.com.mithra
    Value: =INFO,ERROR
    Origin: class path resource [application.properties] - 4:26
    Reason: failed to convert java.lang.String to org.springframework.boot.logging.LogLevel (caused by java.lang.IllegalArgumentException: No enum constant org.springframework.boot.logging.LogLevel.=INFO,ERROR)

Action:

Update your application's configuration. The following values are valid:

    DEBUG
    ERROR
    FATAL
    INFO
    OFF
    TRACE
    WARN

2022-05-11 00:12:22,809 INFO com.mithra.demo.RestapiApplication [main] Starting RestapiApplication using Java 17.0.2 on Mitmani with PID 31384 (C:\Users\maniv\eclipse-workspace\mithra\restapi\target\classes started by mit in C:\Users\maniv\eclipse-workspace\mithra\restapi)
2022-05-11 00:12:22,814 INFO com.mithra.demo.RestapiApplication [main] No active profile set, falling back to 1 default profile: "default"
2022-05-11 00:12:24,133 INFO org.apache.catalina.core.StandardService [main] Starting service [Tomcat]
2022-05-11 00:12:24,134 INFO org.apache.catalina.core.StandardEngine [main] Starting Servlet engine: [Apache Tomcat/9.0.60]
2022-05-11 00:12:24,475 INFO org.apache.catalina.core.ContainerBase.[Tomcat].[localhost].[/] [main] Initializing Spring embedded WebApplicationContext
2022-05-11 00:12:25,680 INFO com.mithra.demo.RestapiApplication [main] Started RestapiApplication in 3.926 seconds (JVM running for 5.385)
2022-05-11 00:12:43,646 INFO org.apache.catalina.core.ContainerBase.[Tomcat].[localhost].[/] [http-nio-8082-exec-1] Initializing Spring DispatcherServlet 'dispatcherServlet'
2022-05-11 00:12:43,694 INFO com.mithra.demo.controller.UserController [http-nio-8082-exec-1] HealthController - heathCheck
